<?xml version="1.0" encoding="UTF-8"?>
<beans xmlns="http://www.springframework.org/schema/beans"
	xmlns:neo4j="http://www.springframework.org/schema/data/neo4j"
	xmlns:xsi="http://www.w3.org/2001/XMLSchema-instance"
	xmlns:batch="http://www.springframework.org/schema/batch"
	xmlns:jdbc="http://www.springframework.org/schema/jdbc"
	xsi:schemaLocation="http://www.springframework.org/schema/jdbc http://www.springframework.org/schema/jdbc/spring-jdbc-3.0.xsd
		http://www.springframework.org/schema/beans http://www.springframework.org/schema/beans/spring-beans-3.0.xsd
		http://www.springframework.org/schema/batch http://www.springframework.org/schema/batch/spring-batch-2.1.xsd
		http://www.springframework.org/schema/data/neo4j http://www.springframework.org/schema/data/neo4j/spring-neo4j.xsd">
	 
	 <!-- Executor service -->
	<bean id="taskExecutor" class="org.springframework.scheduling.concurrent.ThreadPoolTaskExecutor">
		<property name="corePoolSize" value="10" />
		<property name="maxPoolSize" value="20" />
		<property name="queueCapacity" value="50" />
	</bean>
	
	<!-- Job config -->
	<bean id="jobLauncher" class="org.springframework.batch.core.launch.support.SimpleJobLauncher">
		<property name="jobRepository" ref="jobRepository"/>
		<property name="taskExecutor" ref="taskExecutor"/>
	</bean>
	
	<bean id="jobRepository" class="org.springframework.batch.core.repository.support.MapJobRepositoryFactoryBean"/>

	<bean id="transactionManager" class="org.springframework.batch.support.transaction.ResourcelessTransactionManager"/>
	
	<!-- Index Job -->
	<batch:job id="indexJob" job-repository="jobRepository">
		<batch:step id="createMappingIndex">
			<batch:tasklet>
		    	<batch:chunk reader="uniReader" writer="mappingIndexWriter" commit-interval="10000"></batch:chunk>
		    </batch:tasklet>
		</batch:step>
	</batch:job>
	
	<bean id="uniReader" class="org.springframework.batch.item.file.FlatFileItemReader">
		 <property name="resource" value="file:data/idmapping_selected.tab.example" />
		<property name="lineMapper">
            <bean class="mpg.biochem.de.interbase.batch.UniprotLineMapper" />
        </property>
        <property name="strict" value="true" />
	</bean>
	
	<bean id="mappingIndexWriter" class="mpg.biochem.de.interbase.batch.UniprotMappingIndexWriter" scope="step">
		<constructor-arg name="path" value="test_index"/>
	</bean>
	
</beans>
